\BOOKMARK [1][-]{section.1}{Lecture 1 - 06/09/2022: Introduction, Display and Colour}{}% 1
\BOOKMARK [2][-]{subsection.1.1}{Important organizational stuff}{section.1}% 2
\BOOKMARK [2][-]{subsection.1.2}{Display and Colour}{section.1}% 3
\BOOKMARK [3][-]{subsubsection.1.2.1}{Display Devices}{subsection.1.2}% 4
\BOOKMARK [3][-]{subsubsection.1.2.2}{3D Displays overview}{subsection.1.2}% 5
\BOOKMARK [3][-]{subsubsection.1.2.3}{Stereoscopic and Autostereoscopic displays}{subsection.1.2}% 6
\BOOKMARK [3][-]{subsubsection.1.2.4}{Multi-view displays}{subsection.1.2}% 7
\BOOKMARK [2][-]{subsection.1.3}{Frame Buffer}{section.1}% 8
\BOOKMARK [3][-]{subsubsection.1.3.1}{Greyscale/Monochrome Frame Buffer}{subsection.1.3}% 9
\BOOKMARK [3][-]{subsubsection.1.3.2}{Resolution}{subsection.1.3}% 10
\BOOKMARK [3][-]{subsubsection.1.3.3}{Colours}{subsection.1.3}% 11
\BOOKMARK [3][-]{subsubsection.1.3.4}{Look Up Tables \(LUT\)}{subsection.1.3}% 12
\BOOKMARK [2][-]{subsection.1.4}{Color Space}{section.1}% 13
\BOOKMARK [2][-]{subsection.1.5}{Alpha Channel and Double Buffering}{section.1}% 14
\BOOKMARK [3][-]{subsubsection.1.5.1}{Alpha Channel}{subsection.1.5}% 15
\BOOKMARK [3][-]{subsubsection.1.5.2}{Image Matting}{subsection.1.5}% 16
\BOOKMARK [2][-]{subsection.1.6}{Double Buffering}{section.1}% 17
\BOOKMARK [1][-]{section.2}{Lecture 2 - 08/09/2022: Useful 2D and 3D mathematics}{}% 18
\BOOKMARK [2][-]{subsection.2.1}{Coordinate Systems}{section.2}% 19
\BOOKMARK [3][-]{subsubsection.2.1.1}{2D Cartesian Reference Frames}{subsection.2.1}% 20
\BOOKMARK [3][-]{subsubsection.2.1.2}{Polar Coordinates in the XY plane}{subsection.2.1}% 21
\BOOKMARK [3][-]{subsubsection.2.1.3}{3D cartesian reference frames}{subsection.2.1}% 22
\BOOKMARK [3][-]{subsubsection.2.1.4}{Cylindrical-coordinate System}{subsection.2.1}% 23
\BOOKMARK [3][-]{subsubsection.2.1.5}{Spherical-coordinate system}{subsection.2.1}% 24
\BOOKMARK [2][-]{subsection.2.2}{Points and Vectors}{section.2}% 25
\BOOKMARK [1][-]{section.3}{Lecture 3 - 13/09/2022}{}% 26
\BOOKMARK [2][-]{subsection.3.1}{Useful 2D mathematics}{section.3}% 27
\BOOKMARK [2][-]{subsection.3.2}{sth}{section.3}% 28
\BOOKMARK [3][-]{subsubsection.3.2.1}{2D scaling}{subsection.3.2}% 29
\BOOKMARK [3][-]{subsubsection.3.2.2}{Other 2D transformations}{subsection.3.2}% 30
\BOOKMARK [2][-]{subsection.3.3}{Matrix operations}{section.3}% 31
\BOOKMARK [3][-]{subsubsection.3.3.1}{Homogenous representations}{subsection.3.3}% 32
\BOOKMARK [1][-]{section.4}{REAL Lecture 3: Hierarchical Model}{}% 33
\BOOKMARK [2][-]{subsection.4.1}{Graphics Primitives: Points, Lines and Triangles}{section.4}% 34
\BOOKMARK [2][-]{subsection.4.2}{Data structure: vertex list and index list}{section.4}% 35
\BOOKMARK [2][-]{subsection.4.3}{Hierarchical structure}{section.4}% 36
\BOOKMARK [2][-]{subsection.4.4}{View-world or Modelview transformations}{section.4}% 37
\BOOKMARK [2][-]{subsection.4.5}{Basic scenegraph concept}{section.4}% 38
\BOOKMARK [1][-]{section.5}{Lecture 4: Interactive 3D Control}{}% 39
\BOOKMARK [2][-]{subsection.5.1}{Interactive Control Concept}{section.5}% 40
\BOOKMARK [2][-]{subsection.5.2}{Interactive Translation relative to screen}{section.5}% 41
\BOOKMARK [2][-]{subsection.5.3}{Interactive rotation: rolling ball}{section.5}% 42
\BOOKMARK [1][-]{section.6}{Lecture 5: Cameras, Projections, and Clipping}{}% 43
